INFO:werkzeug: * Running on http://127.0.0.1:5000/ (Press CTRL+C to quit)
INFO:werkzeug: * Running on http://127.0.0.1:5000/ (Press CTRL+C to quit)
INFO:werkzeug:127.0.0.1 - - [18/Jul/2019 21:06:14] "GET / HTTP/1.1" 405 -
INFO:werkzeug:127.0.0.1 - - [18/Jul/2019 21:06:14] "GET /favicon.ico HTTP/1.1" 404 -
INFO:werkzeug:127.0.0.1 - - [18/Jul/2019 21:08:07] "POST / HTTP/1.1" 400 -
INFO:werkzeug:127.0.0.1 - - [18/Jul/2019 21:08:34] "POST / HTTP/1.1" 400 -
INFO:werkzeug:127.0.0.1 - - [18/Jul/2019 21:08:47] "GET / HTTP/1.1" 405 -
INFO:werkzeug:127.0.0.1 - - [18/Jul/2019 21:08:52] "POST / HTTP/1.1" 400 -
INFO:werkzeug: * Running on http://127.0.0.1:5000/ (Press CTRL+C to quit)
INFO:root:Request: None
ERROR:api:Exception on / [POST]
Traceback (most recent call last):
  File "C:\Python\lib\site-packages\flask\app.py", line 2446, in wsgi_app
    response = self.full_dispatch_request()
  File "C:\Python\lib\site-packages\flask\app.py", line 1951, in full_dispatch_request
    rv = self.handle_user_exception(e)
  File "C:\Python\lib\site-packages\flask\app.py", line 1820, in handle_user_exception
    reraise(exc_type, exc_value, tb)
  File "C:\Python\lib\site-packages\flask\_compat.py", line 39, in reraise
    raise value
  File "C:\Python\lib\site-packages\flask\app.py", line 1949, in full_dispatch_request
    rv = self.dispatch_request()
  File "C:\Python\lib\site-packages\flask\app.py", line 1935, in dispatch_request
    return self.view_functions[rule.endpoint](**req.view_args)
  File "C:\Users\Gleb\PycharmProjects\skynet_teacher\api.py", line 27, in main
    "version": request.json['version'],
TypeError: 'NoneType' object is not subscriptable
INFO:werkzeug:127.0.0.1 - - [18/Jul/2019 21:33:32] "POST / HTTP/1.1" 500 -
INFO:root:Request: None
ERROR:api:Exception on / [POST]
Traceback (most recent call last):
  File "C:\Python\lib\site-packages\flask\app.py", line 2446, in wsgi_app
    response = self.full_dispatch_request()
  File "C:\Python\lib\site-packages\flask\app.py", line 1951, in full_dispatch_request
    rv = self.handle_user_exception(e)
  File "C:\Python\lib\site-packages\flask\app.py", line 1820, in handle_user_exception
    reraise(exc_type, exc_value, tb)
  File "C:\Python\lib\site-packages\flask\_compat.py", line 39, in reraise
    raise value
  File "C:\Python\lib\site-packages\flask\app.py", line 1949, in full_dispatch_request
    rv = self.dispatch_request()
  File "C:\Python\lib\site-packages\flask\app.py", line 1935, in dispatch_request
    return self.view_functions[rule.endpoint](**req.view_args)
  File "C:\Users\Gleb\PycharmProjects\skynet_teacher\api.py", line 27, in main
    "version": request.json['version'],
TypeError: 'NoneType' object is not subscriptable
INFO:werkzeug:127.0.0.1 - - [18/Jul/2019 21:35:25] "POST / HTTP/1.1" 500 -
INFO:root:Request: None
ERROR:api:Exception on / [POST]
Traceback (most recent call last):
  File "C:\Python\lib\site-packages\flask\app.py", line 2446, in wsgi_app
    response = self.full_dispatch_request()
  File "C:\Python\lib\site-packages\flask\app.py", line 1951, in full_dispatch_request
    rv = self.handle_user_exception(e)
  File "C:\Python\lib\site-packages\flask\app.py", line 1820, in handle_user_exception
    reraise(exc_type, exc_value, tb)
  File "C:\Python\lib\site-packages\flask\_compat.py", line 39, in reraise
    raise value
  File "C:\Python\lib\site-packages\flask\app.py", line 1949, in full_dispatch_request
    rv = self.dispatch_request()
  File "C:\Python\lib\site-packages\flask\app.py", line 1935, in dispatch_request
    return self.view_functions[rule.endpoint](**req.view_args)
  File "C:\Users\Gleb\PycharmProjects\skynet_teacher\api.py", line 27, in main
    "version": request.json['version'],
TypeError: 'NoneType' object is not subscriptable
INFO:werkzeug:127.0.0.1 - - [18/Jul/2019 21:36:05] "POST / HTTP/1.1" 500 -
INFO:root:Request: {u'session': {u'new': True, u'user_id': u'362D860835F7C2D5FF4BAE9576B2D2273F6AD7E537DC49CE49D242198C742AF9', u'message_id': 0, u'session_id': u'1d1a0296-718117de-903af754-f64935b9', u'skill_id': u'19c1e667-b42c-4b37-8677-c42387d792fa'}, u'meta': {u'locale': u'ru-RU', u'timezone': u'UTC', u'interfaces': {u'screen': {}, u'payments': {}, u'account_linking': {}}, u'client_id': u'ru.yandex.searchplugin/7.16 (none none; android 4.4.2)'}, u'request': {u'nlu': {u'tokens': [], u'entities': []}, u'type': u'SimpleUtterance', u'command': u'', u'original_utterance': u''}, u'version': u'1.0'}
INFO:root:Response: {u'session': {u'new': True, u'user_id': u'362D860835F7C2D5FF4BAE9576B2D2273F6AD7E537DC49CE49D242198C742AF9', u'message_id': 0, u'session_id': u'1d1a0296-718117de-903af754-f64935b9', u'skill_id': u'19c1e667-b42c-4b37-8677-c42387d792fa'}, u'version': u'1.0', u'response': {u'buttons': [{u'hide': True, u'title': u'\u041d\u0435 \u0445\u043e\u0447\u0443.'}, {u'hide': True, u'title': u'\u041d\u0435 \u0431\u0443\u0434\u0443.'}], u'text': u'\u0414\u043e\u0431\u0440\u044b\u0439 \u0434\u0435\u043d\u044c \u044d\u0442\u043e \u043f\u043e\u043c\u043e\u0448\u043d\u0438\u043a \u0443\u0447\u0438\u0442\u0435\u043b\u044f, \u0432\u044b \u043f\u0440\u0435\u043f\u043e\u0434\u0430\u0432\u0430\u0442\u0435\u043b\u044c \u0438\u043b\u0438 \u0440\u043e\u0434\u0438\u0442\u0435\u043b\u044c ?', u'end_session': False}}
INFO:root:Request: {u'session': {u'new': False, u'user_id': u'362D860835F7C2D5FF4BAE9576B2D2273F6AD7E537DC49CE49D242198C742AF9', u'message_id': 1, u'session_id': u'1d1a0296-718117de-903af754-f64935b9', u'skill_id': u'19c1e667-b42c-4b37-8677-c42387d792fa'}, u'meta': {u'locale': u'ru-RU', u'timezone': u'UTC', u'interfaces': {u'screen': {}, u'payments': {}, u'account_linking': {}}, u'client_id': u'ru.yandex.searchplugin/7.16 (none none; android 4.4.2)'}, u'request': {u'nlu': {u'tokens': [u'\u043f\u0440\u0435\u043f\u043e\u0434\u0430\u0432\u0430\u0442\u0435\u043b\u044c'], u'entities': []}, u'type': u'SimpleUtterance', u'command': u'\u043f\u0440\u0435\u043f\u043e\u0434\u0430\u0432\u0430\u0442\u0435\u043b\u044c', u'original_utterance': u'\u043f\u0440\u0435\u043f\u043e\u0434\u0430\u0432\u0430\u0442\u0435\u043b\u044c'}, u'version': u'1.0'}
INFO:root:Response: {u'session': {u'new': False, u'user_id': u'362D860835F7C2D5FF4BAE9576B2D2273F6AD7E537DC49CE49D242198C742AF9', u'message_id': 1, u'session_id': u'1d1a0296-718117de-903af754-f64935b9', u'skill_id': u'19c1e667-b42c-4b37-8677-c42387d792fa'}, u'version': u'1.0', u'response': {u'buttons': [{u'hide': True, u'title': u'\u041d\u0435 \u0431\u0443\u0434\u0443.'}, {u'hide': True, u'title': u'\u041e\u0442\u0441\u0442\u0430\u043d\u044c!'}], u'text': u'\u0412\u0441\u0435 \u0433\u043e\u0432\u043e\u0440\u044f\u0442 "\u043f\u0440\u0435\u043f\u043e\u0434\u0430\u0432\u0430\u0442\u0435\u043b\u044c", \u0430 \u0442\u044b \u043a\u0443\u043f\u0438 \u0441\u043b\u043e\u043d\u0430!', u'end_session': False}}
INFO:root:Request: {u'session': {u'new': False, u'user_id': u'362D860835F7C2D5FF4BAE9576B2D2273F6AD7E537DC49CE49D242198C742AF9', u'message_id': 2, u'session_id': u'1d1a0296-718117de-903af754-f64935b9', u'skill_id': u'19c1e667-b42c-4b37-8677-c42387d792fa'}, u'meta': {u'locale': u'ru-RU', u'timezone': u'UTC', u'interfaces': {u'screen': {}, u'payments': {}, u'account_linking': {}}, u'client_id': u'ru.yandex.searchplugin/7.16 (none none; android 4.4.2)'}, u'request': {u'nlu': {u'tokens': [u'oooooooo', u'oo', u'o', u'o'], u'entities': []}, u'type': u'SimpleUtterance', u'command': u'oooooooo oo o o ', u'original_utterance': u'oooooooo oo o o '}, u'version': u'1.0'}
INFO:root:Response: {u'session': {u'new': False, u'user_id': u'362D860835F7C2D5FF4BAE9576B2D2273F6AD7E537DC49CE49D242198C742AF9', u'message_id': 2, u'session_id': u'1d1a0296-718117de-903af754-f64935b9', u'skill_id': u'19c1e667-b42c-4b37-8677-c42387d792fa'}, u'version': u'1.0', u'response': {u'buttons': [{u'hide': True, u'title': u'\u041e\u0442\u0441\u0442\u0430\u043d\u044c!'}, {u'url': u'https://market.yandex.ru/search?text=\u0441\u043b\u043e\u043d', u'hide': True, u'title': u'\u041b\u0430\u0434\u043d\u043e'}], u'text': u'\u0412\u0441\u0435 \u0433\u043e\u0432\u043e\u0440\u044f\u0442 "oooooooo oo o o ", \u0430 \u0442\u044b \u043a\u0443\u043f\u0438 \u0441\u043b\u043e\u043d\u0430!', u'end_session': False}}
INFO:root:Request: {u'session': {u'new': False, u'user_id': u'362D860835F7C2D5FF4BAE9576B2D2273F6AD7E537DC49CE49D242198C742AF9', u'message_id': 3, u'session_id': u'1d1a0296-718117de-903af754-f64935b9', u'skill_id': u'19c1e667-b42c-4b37-8677-c42387d792fa'}, u'meta': {u'locale': u'ru-RU', u'timezone': u'UTC', u'interfaces': {u'screen': {}, u'payments': {}, u'account_linking': {}}, u'client_id': u'ru.yandex.searchplugin/7.16 (none none; android 4.4.2)'}, u'request': {u'nlu': {u'tokens': [u'ooo', u'o', u'o', u'o', u'o', u'o', u'o', u'o'], u'entities': []}, u'type': u'SimpleUtterance', u'command': u' ooo o o o o o o o', u'original_utterance': u' ooo o o o o o o o'}, u'version': u'1.0'}
INFO:root:Response: {u'session': {u'new': False, u'user_id': u'362D860835F7C2D5FF4BAE9576B2D2273F6AD7E537DC49CE49D242198C742AF9', u'message_id': 3, u'session_id': u'1d1a0296-718117de-903af754-f64935b9', u'skill_id': u'19c1e667-b42c-4b37-8677-c42387d792fa'}, u'version': u'1.0', u'response': {u'buttons': [{u'url': u'https://market.yandex.ru/search?text=\u0441\u043b\u043e\u043d', u'hide': True, u'title': u'\u041b\u0430\u0434\u043d\u043e'}], u'text': u'\u0412\u0441\u0435 \u0433\u043e\u0432\u043e\u0440\u044f\u0442 " ooo o o o o o o o", \u0430 \u0442\u044b \u043a\u0443\u043f\u0438 \u0441\u043b\u043e\u043d\u0430!', u'end_session': False}}
INFO:root:Request: {u'session': {u'new': False, u'user_id': u'362D860835F7C2D5FF4BAE9576B2D2273F6AD7E537DC49CE49D242198C742AF9', u'message_id': 4, u'session_id': u'1d1a0296-718117de-903af754-f64935b9', u'skill_id': u'19c1e667-b42c-4b37-8677-c42387d792fa'}, u'meta': {u'locale': u'ru-RU', u'timezone': u'UTC', u'interfaces': {u'screen': {}, u'payments': {}, u'account_linking': {}}, u'client_id': u'ru.yandex.searchplugin/7.16 (none none; android 4.4.2)'}, u'request': {u'nlu': {u'tokens': [u'o', u'oo', u'o', u'o', u'o'], u'entities': []}, u'type': u'SimpleUtterance', u'command': u'  o oo  o o o', u'original_utterance': u'  o oo  o o o'}, u'version': u'1.0'}
INFO:root:Response: {u'session': {u'new': False, u'user_id': u'362D860835F7C2D5FF4BAE9576B2D2273F6AD7E537DC49CE49D242198C742AF9', u'message_id': 4, u'session_id': u'1d1a0296-718117de-903af754-f64935b9', u'skill_id': u'19c1e667-b42c-4b37-8677-c42387d792fa'}, u'version': u'1.0', u'response': {u'buttons': [{u'url': u'https://market.yandex.ru/search?text=\u0441\u043b\u043e\u043d', u'hide': True, u'title': u'\u041b\u0430\u0434\u043d\u043e'}], u'text': u'\u0412\u0441\u0435 \u0433\u043e\u0432\u043e\u0440\u044f\u0442 "  o oo  o o o", \u0430 \u0442\u044b \u043a\u0443\u043f\u0438 \u0441\u043b\u043e\u043d\u0430!', u'end_session': False}}
INFO:root:Request: {u'session': {u'new': False, u'user_id': u'362D860835F7C2D5FF4BAE9576B2D2273F6AD7E537DC49CE49D242198C742AF9', u'message_id': 5, u'session_id': u'1d1a0296-718117de-903af754-f64935b9', u'skill_id': u'19c1e667-b42c-4b37-8677-c42387d792fa'}, u'meta': {u'locale': u'ru-RU', u'timezone': u'UTC', u'interfaces': {u'screen': {}, u'payments': {}, u'account_linking': {}}, u'client_id': u'ru.yandex.searchplugin/7.16 (none none; android 4.4.2)'}, u'request': {u'nlu': {u'tokens': [u'o', u'o', u'o', u'o', u'o'], u'entities': []}, u'type': u'SimpleUtterance', u'command': u'o o  o o o', u'original_utterance': u'o o  o o o'}, u'version': u'1.0'}
INFO:root:Response: {u'session': {u'new': False, u'user_id': u'362D860835F7C2D5FF4BAE9576B2D2273F6AD7E537DC49CE49D242198C742AF9', u'message_id': 5, u'session_id': u'1d1a0296-718117de-903af754-f64935b9', u'skill_id': u'19c1e667-b42c-4b37-8677-c42387d792fa'}, u'version': u'1.0', u'response': {u'buttons': [{u'url': u'https://market.yandex.ru/search?text=\u0441\u043b\u043e\u043d', u'hide': True, u'title': u'\u041b\u0430\u0434\u043d\u043e'}], u'text': u'\u0412\u0441\u0435 \u0433\u043e\u0432\u043e\u0440\u044f\u0442 "o o  o o o", \u0430 \u0442\u044b \u043a\u0443\u043f\u0438 \u0441\u043b\u043e\u043d\u0430!', u'end_session': False}}
INFO:root:Request: {u'session': {u'new': False, u'user_id': u'362D860835F7C2D5FF4BAE9576B2D2273F6AD7E537DC49CE49D242198C742AF9', u'message_id': 6, u'session_id': u'1d1a0296-718117de-903af754-f64935b9', u'skill_id': u'19c1e667-b42c-4b37-8677-c42387d792fa'}, u'meta': {u'locale': u'ru-RU', u'timezone': u'UTC', u'interfaces': {u'screen': {}, u'payments': {}, u'account_linking': {}}, u'client_id': u'ru.yandex.searchplugin/7.16 (none none; android 4.4.2)'}, u'request': {u'nlu': {u'tokens': [u'33'], u'entities': [{u'tokens': {u'start': 0, u'end': 1}, u'type': u'YANDEX.NUMBER', u'value': 33}]}, u'type': u'SimpleUtterance', u'command': u'33', u'original_utterance': u'33'}, u'version': u'1.0'}
INFO:root:Response: {u'session': {u'new': False, u'user_id': u'362D860835F7C2D5FF4BAE9576B2D2273F6AD7E537DC49CE49D242198C742AF9', u'message_id': 6, u'session_id': u'1d1a0296-718117de-903af754-f64935b9', u'skill_id': u'19c1e667-b42c-4b37-8677-c42387d792fa'}, u'version': u'1.0', u'response': {u'buttons': [{u'url': u'https://market.yandex.ru/search?text=\u0441\u043b\u043e\u043d', u'hide': True, u'title': u'\u041b\u0430\u0434\u043d\u043e'}], u'text': u'\u0412\u0441\u0435 \u0433\u043e\u0432\u043e\u0440\u044f\u0442 "33", \u0430 \u0442\u044b \u043a\u0443\u043f\u0438 \u0441\u043b\u043e\u043d\u0430!', u'end_session': False}}
INFO:root:Request: {u'session': {u'new': False, u'user_id': u'362D860835F7C2D5FF4BAE9576B2D2273F6AD7E537DC49CE49D242198C742AF9', u'message_id': 7, u'session_id': u'1d1a0296-718117de-903af754-f64935b9', u'skill_id': u'19c1e667-b42c-4b37-8677-c42387d792fa'}, u'meta': {u'locale': u'ru-RU', u'timezone': u'UTC', u'interfaces': {u'screen': {}, u'payments': {}, u'account_linking': {}}, u'client_id': u'ru.yandex.searchplugin/7.16 (none none; android 4.4.2)'}, u'request': {u'nlu': {u'tokens': [u'33'], u'entities': [{u'tokens': {u'start': 0, u'end': 1}, u'type': u'YANDEX.NUMBER', u'value': 33}]}, u'type': u'SimpleUtterance', u'command': u' 33', u'original_utterance': u' 33'}, u'version': u'1.0'}
INFO:root:Response: {u'session': {u'new': False, u'user_id': u'362D860835F7C2D5FF4BAE9576B2D2273F6AD7E537DC49CE49D242198C742AF9', u'message_id': 7, u'session_id': u'1d1a0296-718117de-903af754-f64935b9', u'skill_id': u'19c1e667-b42c-4b37-8677-c42387d792fa'}, u'version': u'1.0', u'response': {u'buttons': [{u'url': u'https://market.yandex.ru/search?text=\u0441\u043b\u043e\u043d', u'hide': True, u'title': u'\u041b\u0430\u0434\u043d\u043e'}], u'text': u'\u0412\u0441\u0435 \u0433\u043e\u0432\u043e\u0440\u044f\u0442 " 33", \u0430 \u0442\u044b \u043a\u0443\u043f\u0438 \u0441\u043b\u043e\u043d\u0430!', u'end_session': False}}
INFO:root:Request: {u'session': {u'new': False, u'user_id': u'362D860835F7C2D5FF4BAE9576B2D2273F6AD7E537DC49CE49D242198C742AF9', u'message_id': 8, u'session_id': u'1d1a0296-718117de-903af754-f64935b9', u'skill_id': u'19c1e667-b42c-4b37-8677-c42387d792fa'}, u'meta': {u'locale': u'ru-RU', u'timezone': u'UTC', u'interfaces': {u'screen': {}, u'payments': {}, u'account_linking': {}}, u'client_id': u'ru.yandex.searchplugin/7.16 (none none; android 4.4.2)'}, u'request': {u'nlu': {u'tokens': [u'34'], u'entities': [{u'tokens': {u'start': 0, u'end': 1}, u'type': u'YANDEX.NUMBER', u'value': 34}]}, u'type': u'SimpleUtterance', u'command': u'34', u'original_utterance': u'34'}, u'version': u'1.0'}
INFO:root:Response: {u'session': {u'new': False, u'user_id': u'362D860835F7C2D5FF4BAE9576B2D2273F6AD7E537DC49CE49D242198C742AF9', u'message_id': 8, u'session_id': u'1d1a0296-718117de-903af754-f64935b9', u'skill_id': u'19c1e667-b42c-4b37-8677-c42387d792fa'}, u'version': u'1.0', u'response': {u'buttons': [{u'url': u'https://market.yandex.ru/search?text=\u0441\u043b\u043e\u043d', u'hide': True, u'title': u'\u041b\u0430\u0434\u043d\u043e'}], u'text': u'\u0412\u0441\u0435 \u0433\u043e\u0432\u043e\u0440\u044f\u0442 "34", \u0430 \u0442\u044b \u043a\u0443\u043f\u0438 \u0441\u043b\u043e\u043d\u0430!', u'end_session': False}}
INFO:root:Request: {u'session': {u'new': False, u'user_id': u'362D860835F7C2D5FF4BAE9576B2D2273F6AD7E537DC49CE49D242198C742AF9', u'message_id': 9, u'session_id': u'1d1a0296-718117de-903af754-f64935b9', u'skill_id': u'19c1e667-b42c-4b37-8677-c42387d792fa'}, u'meta': {u'locale': u'ru-RU', u'timezone': u'UTC', u'interfaces': {u'screen': {}, u'payments': {}, u'account_linking': {}}, u'client_id': u'ru.yandex.searchplugin/7.16 (none none; android 4.4.2)'}, u'request': {u'nlu': {u'tokens': [u'\u043b\u0430\u0434\u043d\u043e'], u'entities': []}, u'type': u'SimpleUtterance', u'command': u'\u041b\u0430\u0434\u043d\u043e', u'original_utterance': u'\u041b\u0430\u0434\u043d\u043e'}, u'version': u'1.0'}
INFO:root:Response: {u'session': {u'new': False, u'user_id': u'362D860835F7C2D5FF4BAE9576B2D2273F6AD7E537DC49CE49D242198C742AF9', u'message_id': 9, u'session_id': u'1d1a0296-718117de-903af754-f64935b9', u'skill_id': u'19c1e667-b42c-4b37-8677-c42387d792fa'}, u'version': u'1.0', u'response': {u'text': u'\u0421\u043b\u043e\u043d\u0430 \u043c\u043e\u0436\u043d\u043e \u043d\u0430\u0439\u0442\u0438 \u043d\u0430 \u042f\u043d\u0434\u0435\u043a\u0441.\u041c\u0430\u0440\u043a\u0435\u0442\u0435!', u'end_session': False}}
INFO:root:Request: {u'session': {u'new': False, u'user_id': u'362D860835F7C2D5FF4BAE9576B2D2273F6AD7E537DC49CE49D242198C742AF9', u'message_id': 10, u'session_id': u'1d1a0296-718117de-903af754-f64935b9', u'skill_id': u'19c1e667-b42c-4b37-8677-c42387d792fa'}, u'meta': {u'locale': u'ru-RU', u'timezone': u'UTC', u'interfaces': {u'screen': {}, u'payments': {}, u'account_linking': {}}, u'client_id': u'ru.yandex.searchplugin/7.16 (none none; android 4.4.2)'}, u'request': {u'nlu': {u'tokens': [u'\u0443'], u'entities': []}, u'type': u'SimpleUtterance', u'command': u'\u0443', u'original_utterance': u'\u0443'}, u'version': u'1.0'}
INFO:root:Response: {u'session': {u'new': False, u'user_id': u'362D860835F7C2D5FF4BAE9576B2D2273F6AD7E537DC49CE49D242198C742AF9', u'message_id': 10, u'session_id': u'1d1a0296-718117de-903af754-f64935b9', u'skill_id': u'19c1e667-b42c-4b37-8677-c42387d792fa'}, u'version': u'1.0', u'response': {u'buttons': [{u'url': u'https://market.yandex.ru/search?text=\u0441\u043b\u043e\u043d', u'hide': True, u'title': u'\u041b\u0430\u0434\u043d\u043e'}], u'text': u'\u0412\u0441\u0435 \u0433\u043e\u0432\u043e\u0440\u044f\u0442 "\u0443", \u0430 \u0442\u044b \u043a\u0443\u043f\u0438 \u0441\u043b\u043e\u043d\u0430!', u'end_session': False}}
INFO:root:Request: {u'session': {u'new': False, u'user_id': u'362D860835F7C2D5FF4BAE9576B2D2273F6AD7E537DC49CE49D242198C742AF9', u'message_id': 11, u'session_id': u'1d1a0296-718117de-903af754-f64935b9', u'skill_id': u'19c1e667-b42c-4b37-8677-c42387d792fa'}, u'meta': {u'locale': u'ru-RU', u'timezone': u'UTC', u'interfaces': {u'screen': {}, u'payments': {}, u'account_linking': {}}, u'client_id': u'ru.yandex.searchplugin/7.16 (none none; android 4.4.2)'}, u'request': {u'nlu': {u'tokens': [u'\u0446\u0443\u0446'], u'entities': []}, u'type': u'SimpleUtterance', u'command': u'\u0446\u0443\u0446', u'original_utterance': u'\u0446\u0443\u0446'}, u'version': u'1.0'}
INFO:root:Response: {u'session': {u'new': False, u'user_id': u'362D860835F7C2D5FF4BAE9576B2D2273F6AD7E537DC49CE49D242198C742AF9', u'message_id': 11, u'session_id': u'1d1a0296-718117de-903af754-f64935b9', u'skill_id': u'19c1e667-b42c-4b37-8677-c42387d792fa'}, u'version': u'1.0', u'response': {u'buttons': [{u'url': u'https://market.yandex.ru/search?text=\u0441\u043b\u043e\u043d', u'hide': True, u'title': u'\u041b\u0430\u0434\u043d\u043e'}], u'text': u'\u0412\u0441\u0435 \u0433\u043e\u0432\u043e\u0440\u044f\u0442 "\u0446\u0443\u0446", \u0430 \u0442\u044b \u043a\u0443\u043f\u0438 \u0441\u043b\u043e\u043d\u0430!', u'end_session': False}}
INFO:root:Request: {u'session': {u'new': False, u'user_id': u'362D860835F7C2D5FF4BAE9576B2D2273F6AD7E537DC49CE49D242198C742AF9', u'message_id': 12, u'session_id': u'1d1a0296-718117de-903af754-f64935b9', u'skill_id': u'19c1e667-b42c-4b37-8677-c42387d792fa'}, u'meta': {u'locale': u'ru-RU', u'timezone': u'UTC', u'interfaces': {u'screen': {}, u'payments': {}, u'account_linking': {}}, u'client_id': u'ru.yandex.searchplugin/7.16 (none none; android 4.4.2)'}, u'request': {u'nlu': {u'tokens': [u'\u0446\u0446'], u'entities': []}, u'type': u'SimpleUtterance', u'command': u'\u0446\u0446', u'original_utterance': u'\u0446\u0446'}, u'version': u'1.0'}
INFO:root:Response: {u'session': {u'new': False, u'user_id': u'362D860835F7C2D5FF4BAE9576B2D2273F6AD7E537DC49CE49D242198C742AF9', u'message_id': 12, u'session_id': u'1d1a0296-718117de-903af754-f64935b9', u'skill_id': u'19c1e667-b42c-4b37-8677-c42387d792fa'}, u'version': u'1.0', u'response': {u'buttons': [{u'url': u'https://market.yandex.ru/search?text=\u0441\u043b\u043e\u043d', u'hide': True, u'title': u'\u041b\u0430\u0434\u043d\u043e'}], u'text': u'\u0412\u0441\u0435 \u0433\u043e\u0432\u043e\u0440\u044f\u0442 "\u0446\u0446", \u0430 \u0442\u044b \u043a\u0443\u043f\u0438 \u0441\u043b\u043e\u043d\u0430!', u'end_session': False}}
